[2021-5-1 14:56:1] UserException: Cannot create User: Missing username.
    at Function.create (/home/maxence-roy/web-ii/Assignments/5-Fetch/src/models/User.js:20:10)
    at generateUser (/home/maxence-roy/web-ii/Assignments/5-Fetch/tests/TestHelper.js:22:27)
    at Object.<anonymous> (/home/maxence-roy/web-ii/Assignments/5-Fetch/tests/models/user.test.js:29:15)
    at Promise.then.completed (/home/maxence-roy/web-ii/Assignments/5-Fetch/node_modules/jest-circus/build/utils.js:276:28)
    at new Promise (<anonymous>)
    at callAsyncCircusFn (/home/maxence-roy/web-ii/Assignments/5-Fetch/node_modules/jest-circus/build/utils.js:216:10)
    at _callCircusTest (/home/maxence-roy/web-ii/Assignments/5-Fetch/node_modules/jest-circus/build/run.js:212:40)
    at processTicksAndRejections (internal/process/task_queues.js:93:5)
    at _runTest (/home/maxence-roy/web-ii/Assignments/5-Fetch/node_modules/jest-circus/build/run.js:149:3)
    at _runTestsForDescribeBlock (/home/maxence-roy/web-ii/Assignments/5-Fetch/node_modules/jest-circus/build/run.js:63:9)
[2021-5-1 14:56:2] UserException: Cannot create User: Missing email.
    at Function.create (/home/maxence-roy/web-ii/Assignments/5-Fetch/src/models/User.js:22:10)
    at generateUser (/home/maxence-roy/web-ii/Assignments/5-Fetch/tests/TestHelper.js:22:27)
    at Object.<anonymous> (/home/maxence-roy/web-ii/Assignments/5-Fetch/tests/models/user.test.js:36:15)
    at Promise.then.completed (/home/maxence-roy/web-ii/Assignments/5-Fetch/node_modules/jest-circus/build/utils.js:276:28)
    at new Promise (<anonymous>)
    at callAsyncCircusFn (/home/maxence-roy/web-ii/Assignments/5-Fetch/node_modules/jest-circus/build/utils.js:216:10)
    at _callCircusTest (/home/maxence-roy/web-ii/Assignments/5-Fetch/node_modules/jest-circus/build/run.js:212:40)
    at processTicksAndRejections (internal/process/task_queues.js:93:5)
    at _runTest (/home/maxence-roy/web-ii/Assignments/5-Fetch/node_modules/jest-circus/build/run.js:149:3)
    at _runTestsForDescribeBlock (/home/maxence-roy/web-ii/Assignments/5-Fetch/node_modules/jest-circus/build/run.js:63:9)
[2021-5-1 14:56:4] UserException: Cannot create User: Missing password.
    at Function.create (/home/maxence-roy/web-ii/Assignments/5-Fetch/src/models/User.js:24:10)
    at generateUser (/home/maxence-roy/web-ii/Assignments/5-Fetch/tests/TestHelper.js:22:27)
    at Object.<anonymous> (/home/maxence-roy/web-ii/Assignments/5-Fetch/tests/models/user.test.js:43:15)
    at Promise.then.completed (/home/maxence-roy/web-ii/Assignments/5-Fetch/node_modules/jest-circus/build/utils.js:276:28)
    at new Promise (<anonymous>)
    at callAsyncCircusFn (/home/maxence-roy/web-ii/Assignments/5-Fetch/node_modules/jest-circus/build/utils.js:216:10)
    at _callCircusTest (/home/maxence-roy/web-ii/Assignments/5-Fetch/node_modules/jest-circus/build/run.js:212:40)
    at processTicksAndRejections (internal/process/task_queues.js:93:5)
    at _runTest (/home/maxence-roy/web-ii/Assignments/5-Fetch/node_modules/jest-circus/build/run.js:149:3)
    at _runTestsForDescribeBlock (/home/maxence-roy/web-ii/Assignments/5-Fetch/node_modules/jest-circus/build/run.js:63:9)
[2021-5-1 14:56:5] UserException: Cannot create User: Duplicate username.
    at Function.create (/home/maxence-roy/web-ii/Assignments/5-Fetch/src/models/User.js:26:10)
    at processTicksAndRejections (internal/process/task_queues.js:93:5)
    at generateUser (/home/maxence-roy/web-ii/Assignments/5-Fetch/tests/TestHelper.js:22:16)
    at Object.<anonymous> (/home/maxence-roy/web-ii/Assignments/5-Fetch/tests/models/user.test.js:54:2)
    at _callCircusTest (/home/maxence-roy/web-ii/Assignments/5-Fetch/node_modules/jest-circus/build/run.js:212:5)
    at _runTest (/home/maxence-roy/web-ii/Assignments/5-Fetch/node_modules/jest-circus/build/run.js:149:3)
    at _runTestsForDescribeBlock (/home/maxence-roy/web-ii/Assignments/5-Fetch/node_modules/jest-circus/build/run.js:63:9)
    at run (/home/maxence-roy/web-ii/Assignments/5-Fetch/node_modules/jest-circus/build/run.js:25:3)
    at runAndTransformResultsToJestFormat (/home/maxence-roy/web-ii/Assignments/5-Fetch/node_modules/jest-circus/build/legacy-code-todo-rewrite/jestAdapterInit.js:176:21)
    at jestAdapter (/home/maxence-roy/web-ii/Assignments/5-Fetch/node_modules/jest-circus/build/legacy-code-todo-rewrite/jestAdapter.js:109:19)
[2021-5-1 14:56:10] UserException: Cannot create User: Duplicate email.
    at Function.create (/home/maxence-roy/web-ii/Assignments/5-Fetch/src/models/User.js:28:10)
    at processTicksAndRejections (internal/process/task_queues.js:93:5)
    at generateUser (/home/maxence-roy/web-ii/Assignments/5-Fetch/tests/TestHelper.js:22:16)
    at Object.<anonymous> (/home/maxence-roy/web-ii/Assignments/5-Fetch/tests/models/user.test.js:65:2)
    at _callCircusTest (/home/maxence-roy/web-ii/Assignments/5-Fetch/node_modules/jest-circus/build/run.js:212:5)
    at _runTest (/home/maxence-roy/web-ii/Assignments/5-Fetch/node_modules/jest-circus/build/run.js:149:3)
    at _runTestsForDescribeBlock (/home/maxence-roy/web-ii/Assignments/5-Fetch/node_modules/jest-circus/build/run.js:63:9)
    at run (/home/maxence-roy/web-ii/Assignments/5-Fetch/node_modules/jest-circus/build/run.js:25:3)
    at runAndTransformResultsToJestFormat (/home/maxence-roy/web-ii/Assignments/5-Fetch/node_modules/jest-circus/build/legacy-code-todo-rewrite/jestAdapterInit.js:176:21)
    at jestAdapter (/home/maxence-roy/web-ii/Assignments/5-Fetch/node_modules/jest-circus/build/legacy-code-todo-rewrite/jestAdapter.js:109:19)
[2021-5-1 14:56:33] UserException: Cannot update User: Missing username.
    at User.save (/home/maxence-roy/web-ii/Assignments/5-Fetch/src/models/User.js:159:10)
    at Object.<anonymous> (/home/maxence-roy/web-ii/Assignments/5-Fetch/tests/models/user.test.js:165:20)
    at processTicksAndRejections (internal/process/task_queues.js:93:5)
    at _callCircusTest (/home/maxence-roy/web-ii/Assignments/5-Fetch/node_modules/jest-circus/build/run.js:212:5)
    at _runTest (/home/maxence-roy/web-ii/Assignments/5-Fetch/node_modules/jest-circus/build/run.js:149:3)
    at _runTestsForDescribeBlock (/home/maxence-roy/web-ii/Assignments/5-Fetch/node_modules/jest-circus/build/run.js:63:9)
    at run (/home/maxence-roy/web-ii/Assignments/5-Fetch/node_modules/jest-circus/build/run.js:25:3)
    at runAndTransformResultsToJestFormat (/home/maxence-roy/web-ii/Assignments/5-Fetch/node_modules/jest-circus/build/legacy-code-todo-rewrite/jestAdapterInit.js:176:21)
    at jestAdapter (/home/maxence-roy/web-ii/Assignments/5-Fetch/node_modules/jest-circus/build/legacy-code-todo-rewrite/jestAdapter.js:109:19)
    at runTestInternal (/home/maxence-roy/web-ii/Assignments/5-Fetch/node_modules/jest-runner/build/runTest.js:380:16)
[2021-5-1 14:56:35] UserException: Cannot update User: Missing email.
    at User.save (/home/maxence-roy/web-ii/Assignments/5-Fetch/src/models/User.js:161:10)
    at Object.<anonymous> (/home/maxence-roy/web-ii/Assignments/5-Fetch/tests/models/user.test.js:176:20)
    at processTicksAndRejections (internal/process/task_queues.js:93:5)
    at _callCircusTest (/home/maxence-roy/web-ii/Assignments/5-Fetch/node_modules/jest-circus/build/run.js:212:5)
    at _runTest (/home/maxence-roy/web-ii/Assignments/5-Fetch/node_modules/jest-circus/build/run.js:149:3)
    at _runTestsForDescribeBlock (/home/maxence-roy/web-ii/Assignments/5-Fetch/node_modules/jest-circus/build/run.js:63:9)
    at run (/home/maxence-roy/web-ii/Assignments/5-Fetch/node_modules/jest-circus/build/run.js:25:3)
    at runAndTransformResultsToJestFormat (/home/maxence-roy/web-ii/Assignments/5-Fetch/node_modules/jest-circus/build/legacy-code-todo-rewrite/jestAdapterInit.js:176:21)
    at jestAdapter (/home/maxence-roy/web-ii/Assignments/5-Fetch/node_modules/jest-circus/build/legacy-code-todo-rewrite/jestAdapter.js:109:19)
    at runTestInternal (/home/maxence-roy/web-ii/Assignments/5-Fetch/node_modules/jest-runner/build/runTest.js:380:16)
[2021-5-1 14:57:7] CategoryException: Cannot create Category: User does not exist with ID 34.
    at Function.create (/home/maxence-roy/web-ii/Assignments/5-Fetch/src/models/Category.js:26:10)
    at processTicksAndRejections (internal/process/task_queues.js:93:5)
    at generateCategory (/home/maxence-roy/web-ii/Assignments/5-Fetch/tests/TestHelper.js:60:20)
    at Object.<anonymous> (/home/maxence-roy/web-ii/Assignments/5-Fetch/tests/models/category.test.js:39:2)
    at _callCircusTest (/home/maxence-roy/web-ii/Assignments/5-Fetch/node_modules/jest-circus/build/run.js:212:5)
    at _runTest (/home/maxence-roy/web-ii/Assignments/5-Fetch/node_modules/jest-circus/build/run.js:149:3)
    at _runTestsForDescribeBlock (/home/maxence-roy/web-ii/Assignments/5-Fetch/node_modules/jest-circus/build/run.js:63:9)
    at run (/home/maxence-roy/web-ii/Assignments/5-Fetch/node_modules/jest-circus/build/run.js:25:3)
    at runAndTransformResultsToJestFormat (/home/maxence-roy/web-ii/Assignments/5-Fetch/node_modules/jest-circus/build/legacy-code-todo-rewrite/jestAdapterInit.js:176:21)
    at jestAdapter (/home/maxence-roy/web-ii/Assignments/5-Fetch/node_modules/jest-circus/build/legacy-code-todo-rewrite/jestAdapter.js:109:19)
[2021-5-1 14:57:9] CategoryException: Cannot create Category: Missing title.
    at Function.create (/home/maxence-roy/web-ii/Assignments/5-Fetch/src/models/Category.js:21:10)
    at generateCategory (/home/maxence-roy/web-ii/Assignments/5-Fetch/tests/TestHelper.js:60:35)
    at processTicksAndRejections (internal/process/task_queues.js:93:5)
    at Object.<anonymous> (/home/maxence-roy/web-ii/Assignments/5-Fetch/tests/models/category.test.js:46:2)
[2021-5-1 14:57:13] CategoryException: Cannot create Category: Duplicate title.
    at Function.create (/home/maxence-roy/web-ii/Assignments/5-Fetch/src/models/Category.js:28:10)
    at processTicksAndRejections (internal/process/task_queues.js:93:5)
    at generateCategory (/home/maxence-roy/web-ii/Assignments/5-Fetch/tests/TestHelper.js:60:20)
    at Object.<anonymous> (/home/maxence-roy/web-ii/Assignments/5-Fetch/tests/models/category.test.js:57:2)
    at _callCircusTest (/home/maxence-roy/web-ii/Assignments/5-Fetch/node_modules/jest-circus/build/run.js:212:5)
    at _runTest (/home/maxence-roy/web-ii/Assignments/5-Fetch/node_modules/jest-circus/build/run.js:149:3)
    at _runTestsForDescribeBlock (/home/maxence-roy/web-ii/Assignments/5-Fetch/node_modules/jest-circus/build/run.js:63:9)
    at run (/home/maxence-roy/web-ii/Assignments/5-Fetch/node_modules/jest-circus/build/run.js:25:3)
    at runAndTransformResultsToJestFormat (/home/maxence-roy/web-ii/Assignments/5-Fetch/node_modules/jest-circus/build/legacy-code-todo-rewrite/jestAdapterInit.js:176:21)
    at jestAdapter (/home/maxence-roy/web-ii/Assignments/5-Fetch/node_modules/jest-circus/build/legacy-code-todo-rewrite/jestAdapter.js:109:19)
[2021-5-1 14:57:33] CategoryException: Cannot update Category: Missing title.
    at Category.save (/home/maxence-roy/web-ii/Assignments/5-Fetch/src/models/Category.js:113:10)
    at Object.<anonymous> (/home/maxence-roy/web-ii/Assignments/5-Fetch/tests/models/category.test.js:148:24)
    at runMicrotasks (<anonymous>)
    at processTicksAndRejections (internal/process/task_queues.js:93:5)
    at _callCircusTest (/home/maxence-roy/web-ii/Assignments/5-Fetch/node_modules/jest-circus/build/run.js:212:5)
    at _runTest (/home/maxence-roy/web-ii/Assignments/5-Fetch/node_modules/jest-circus/build/run.js:149:3)
    at _runTestsForDescribeBlock (/home/maxence-roy/web-ii/Assignments/5-Fetch/node_modules/jest-circus/build/run.js:63:9)
    at run (/home/maxence-roy/web-ii/Assignments/5-Fetch/node_modules/jest-circus/build/run.js:25:3)
    at runAndTransformResultsToJestFormat (/home/maxence-roy/web-ii/Assignments/5-Fetch/node_modules/jest-circus/build/legacy-code-todo-rewrite/jestAdapterInit.js:176:21)
    at jestAdapter (/home/maxence-roy/web-ii/Assignments/5-Fetch/node_modules/jest-circus/build/legacy-code-todo-rewrite/jestAdapter.js:109:19)
[2021-5-1 14:59:17] PostException: Cannot create Post: User does not exist with ID 68.
    at Function.create (/home/maxence-roy/web-ii/Assignments/5-Fetch/src/models/Post.js:33:10)
    at processTicksAndRejections (internal/process/task_queues.js:93:5)
    at generatePost (/home/maxence-roy/web-ii/Assignments/5-Fetch/tests/TestHelper.js:104:16)
    at Object.<anonymous> (/home/maxence-roy/web-ii/Assignments/5-Fetch/tests/models/post.test.js:46:2)
    at _callCircusTest (/home/maxence-roy/web-ii/Assignments/5-Fetch/node_modules/jest-circus/build/run.js:212:5)
    at _runTest (/home/maxence-roy/web-ii/Assignments/5-Fetch/node_modules/jest-circus/build/run.js:149:3)
    at _runTestsForDescribeBlock (/home/maxence-roy/web-ii/Assignments/5-Fetch/node_modules/jest-circus/build/run.js:63:9)
    at run (/home/maxence-roy/web-ii/Assignments/5-Fetch/node_modules/jest-circus/build/run.js:25:3)
    at runAndTransformResultsToJestFormat (/home/maxence-roy/web-ii/Assignments/5-Fetch/node_modules/jest-circus/build/legacy-code-todo-rewrite/jestAdapterInit.js:176:21)
    at jestAdapter (/home/maxence-roy/web-ii/Assignments/5-Fetch/node_modules/jest-circus/build/legacy-code-todo-rewrite/jestAdapter.js:109:19)
[2021-5-1 14:59:19] PostException: Cannot create Post: Category does not exist with ID 98.
    at Function.create (/home/maxence-roy/web-ii/Assignments/5-Fetch/src/models/Post.js:36:10)
    at processTicksAndRejections (internal/process/task_queues.js:93:5)
    at generatePost (/home/maxence-roy/web-ii/Assignments/5-Fetch/tests/TestHelper.js:104:16)
    at Object.<anonymous> (/home/maxence-roy/web-ii/Assignments/5-Fetch/tests/models/post.test.js:57:2)
    at _callCircusTest (/home/maxence-roy/web-ii/Assignments/5-Fetch/node_modules/jest-circus/build/run.js:212:5)
    at _runTest (/home/maxence-roy/web-ii/Assignments/5-Fetch/node_modules/jest-circus/build/run.js:149:3)
    at _runTestsForDescribeBlock (/home/maxence-roy/web-ii/Assignments/5-Fetch/node_modules/jest-circus/build/run.js:63:9)
    at run (/home/maxence-roy/web-ii/Assignments/5-Fetch/node_modules/jest-circus/build/run.js:25:3)
    at runAndTransformResultsToJestFormat (/home/maxence-roy/web-ii/Assignments/5-Fetch/node_modules/jest-circus/build/legacy-code-todo-rewrite/jestAdapterInit.js:176:21)
    at jestAdapter (/home/maxence-roy/web-ii/Assignments/5-Fetch/node_modules/jest-circus/build/legacy-code-todo-rewrite/jestAdapter.js:109:19)
[2021-5-1 14:59:24] PostException: Cannot create Post: Missing title.
    at Function.create (/home/maxence-roy/web-ii/Assignments/5-Fetch/src/models/Post.js:22:10)
    at generatePost (/home/maxence-roy/web-ii/Assignments/5-Fetch/tests/TestHelper.js:104:27)
    at processTicksAndRejections (internal/process/task_queues.js:93:5)
    at Object.<anonymous> (/home/maxence-roy/web-ii/Assignments/5-Fetch/tests/models/post.test.js:64:2)
    at _callCircusTest (/home/maxence-roy/web-ii/Assignments/5-Fetch/node_modules/jest-circus/build/run.js:212:5)
    at _runTest (/home/maxence-roy/web-ii/Assignments/5-Fetch/node_modules/jest-circus/build/run.js:149:3)
    at _runTestsForDescribeBlock (/home/maxence-roy/web-ii/Assignments/5-Fetch/node_modules/jest-circus/build/run.js:63:9)
    at run (/home/maxence-roy/web-ii/Assignments/5-Fetch/node_modules/jest-circus/build/run.js:25:3)
    at runAndTransformResultsToJestFormat (/home/maxence-roy/web-ii/Assignments/5-Fetch/node_modules/jest-circus/build/legacy-code-todo-rewrite/jestAdapterInit.js:176:21)
    at jestAdapter (/home/maxence-roy/web-ii/Assignments/5-Fetch/node_modules/jest-circus/build/legacy-code-todo-rewrite/jestAdapter.js:109:19)
[2021-5-1 14:59:26] PostException: Cannot create Post: Missing type.
    at Function.create (/home/maxence-roy/web-ii/Assignments/5-Fetch/src/models/Post.js:24:10)
    at generatePost (/home/maxence-roy/web-ii/Assignments/5-Fetch/tests/TestHelper.js:104:27)
    at processTicksAndRejections (internal/process/task_queues.js:93:5)
    at Object.<anonymous> (/home/maxence-roy/web-ii/Assignments/5-Fetch/tests/models/post.test.js:71:2)
    at _callCircusTest (/home/maxence-roy/web-ii/Assignments/5-Fetch/node_modules/jest-circus/build/run.js:212:5)
    at _runTest (/home/maxence-roy/web-ii/Assignments/5-Fetch/node_modules/jest-circus/build/run.js:149:3)
    at _runTestsForDescribeBlock (/home/maxence-roy/web-ii/Assignments/5-Fetch/node_modules/jest-circus/build/run.js:63:9)
    at run (/home/maxence-roy/web-ii/Assignments/5-Fetch/node_modules/jest-circus/build/run.js:25:3)
    at runAndTransformResultsToJestFormat (/home/maxence-roy/web-ii/Assignments/5-Fetch/node_modules/jest-circus/build/legacy-code-todo-rewrite/jestAdapterInit.js:176:21)
    at jestAdapter (/home/maxence-roy/web-ii/Assignments/5-Fetch/node_modules/jest-circus/build/legacy-code-todo-rewrite/jestAdapter.js:109:19)
[2021-5-1 14:59:29] PostException: Cannot create Post: Missing content.
    at Function.create (/home/maxence-roy/web-ii/Assignments/5-Fetch/src/models/Post.js:26:10)
    at generatePost (/home/maxence-roy/web-ii/Assignments/5-Fetch/tests/TestHelper.js:104:27)
    at processTicksAndRejections (internal/process/task_queues.js:93:5)
    at Object.<anonymous> (/home/maxence-roy/web-ii/Assignments/5-Fetch/tests/models/post.test.js:78:2)
    at _callCircusTest (/home/maxence-roy/web-ii/Assignments/5-Fetch/node_modules/jest-circus/build/run.js:212:5)
    at _runTest (/home/maxence-roy/web-ii/Assignments/5-Fetch/node_modules/jest-circus/build/run.js:149:3)
    at _runTestsForDescribeBlock (/home/maxence-roy/web-ii/Assignments/5-Fetch/node_modules/jest-circus/build/run.js:63:9)
    at run (/home/maxence-roy/web-ii/Assignments/5-Fetch/node_modules/jest-circus/build/run.js:25:3)
    at runAndTransformResultsToJestFormat (/home/maxence-roy/web-ii/Assignments/5-Fetch/node_modules/jest-circus/build/legacy-code-todo-rewrite/jestAdapterInit.js:176:21)
    at jestAdapter (/home/maxence-roy/web-ii/Assignments/5-Fetch/node_modules/jest-circus/build/legacy-code-todo-rewrite/jestAdapter.js:109:19)
[2021-5-1 14:59:51] PostException: Cannot update Post: Missing content.
    at Post.save (/home/maxence-roy/web-ii/Assignments/5-Fetch/src/models/Post.js:127:10)
    at Object.<anonymous> (/home/maxence-roy/web-ii/Assignments/5-Fetch/tests/models/post.test.js:137:20)
    at runMicrotasks (<anonymous>)
    at processTicksAndRejections (internal/process/task_queues.js:93:5)
    at _callCircusTest (/home/maxence-roy/web-ii/Assignments/5-Fetch/node_modules/jest-circus/build/run.js:212:5)
    at _runTest (/home/maxence-roy/web-ii/Assignments/5-Fetch/node_modules/jest-circus/build/run.js:149:3)
    at _runTestsForDescribeBlock (/home/maxence-roy/web-ii/Assignments/5-Fetch/node_modules/jest-circus/build/run.js:63:9)
    at run (/home/maxence-roy/web-ii/Assignments/5-Fetch/node_modules/jest-circus/build/run.js:25:3)
    at runAndTransformResultsToJestFormat (/home/maxence-roy/web-ii/Assignments/5-Fetch/node_modules/jest-circus/build/legacy-code-todo-rewrite/jestAdapterInit.js:176:21)
    at jestAdapter (/home/maxence-roy/web-ii/Assignments/5-Fetch/node_modules/jest-circus/build/legacy-code-todo-rewrite/jestAdapter.js:109:19)
[2021-5-1 14:59:56] PostException: Cannot update Post: Only text posts are editable.
    at Post.save (/home/maxence-roy/web-ii/Assignments/5-Fetch/src/models/Post.js:125:10)
    at Object.<anonymous> (/home/maxence-roy/web-ii/Assignments/5-Fetch/tests/models/post.test.js:148:20)
    at runMicrotasks (<anonymous>)
    at processTicksAndRejections (internal/process/task_queues.js:93:5)
    at _callCircusTest (/home/maxence-roy/web-ii/Assignments/5-Fetch/node_modules/jest-circus/build/run.js:212:5)
    at _runTest (/home/maxence-roy/web-ii/Assignments/5-Fetch/node_modules/jest-circus/build/run.js:149:3)
    at _runTestsForDescribeBlock (/home/maxence-roy/web-ii/Assignments/5-Fetch/node_modules/jest-circus/build/run.js:63:9)
    at run (/home/maxence-roy/web-ii/Assignments/5-Fetch/node_modules/jest-circus/build/run.js:25:3)
    at runAndTransformResultsToJestFormat (/home/maxence-roy/web-ii/Assignments/5-Fetch/node_modules/jest-circus/build/legacy-code-todo-rewrite/jestAdapterInit.js:176:21)
    at jestAdapter (/home/maxence-roy/web-ii/Assignments/5-Fetch/node_modules/jest-circus/build/legacy-code-todo-rewrite/jestAdapter.js:109:19)
[2021-5-1 15:0:44] CommentException: Cannot create Comment: User does not exist with ID 89.
    at Function.create (/home/maxence-roy/web-ii/Assignments/5-Fetch/src/models/Comment.js:29:10)
    at processTicksAndRejections (internal/process/task_queues.js:93:5)
    at generateComment (/home/maxence-roy/web-ii/Assignments/5-Fetch/tests/TestHelper.js:132:19)
    at Object.<anonymous> (/home/maxence-roy/web-ii/Assignments/5-Fetch/tests/models/comment.test.js:54:2)
    at _callCircusTest (/home/maxence-roy/web-ii/Assignments/5-Fetch/node_modules/jest-circus/build/run.js:212:5)
    at _runTest (/home/maxence-roy/web-ii/Assignments/5-Fetch/node_modules/jest-circus/build/run.js:149:3)
    at _runTestsForDescribeBlock (/home/maxence-roy/web-ii/Assignments/5-Fetch/node_modules/jest-circus/build/run.js:63:9)
    at run (/home/maxence-roy/web-ii/Assignments/5-Fetch/node_modules/jest-circus/build/run.js:25:3)
    at runAndTransformResultsToJestFormat (/home/maxence-roy/web-ii/Assignments/5-Fetch/node_modules/jest-circus/build/legacy-code-todo-rewrite/jestAdapterInit.js:176:21)
    at jestAdapter (/home/maxence-roy/web-ii/Assignments/5-Fetch/node_modules/jest-circus/build/legacy-code-todo-rewrite/jestAdapter.js:109:19)
[2021-5-1 15:0:47] CommentException: Cannot create Comment: Post does not exist with ID 56.
    at Function.create (/home/maxence-roy/web-ii/Assignments/5-Fetch/src/models/Comment.js:31:10)
    at processTicksAndRejections (internal/process/task_queues.js:93:5)
    at generateComment (/home/maxence-roy/web-ii/Assignments/5-Fetch/tests/TestHelper.js:132:19)
    at Object.<anonymous> (/home/maxence-roy/web-ii/Assignments/5-Fetch/tests/models/comment.test.js:65:2)
    at _callCircusTest (/home/maxence-roy/web-ii/Assignments/5-Fetch/node_modules/jest-circus/build/run.js:212:5)
    at _runTest (/home/maxence-roy/web-ii/Assignments/5-Fetch/node_modules/jest-circus/build/run.js:149:3)
    at _runTestsForDescribeBlock (/home/maxence-roy/web-ii/Assignments/5-Fetch/node_modules/jest-circus/build/run.js:63:9)
    at run (/home/maxence-roy/web-ii/Assignments/5-Fetch/node_modules/jest-circus/build/run.js:25:3)
    at runAndTransformResultsToJestFormat (/home/maxence-roy/web-ii/Assignments/5-Fetch/node_modules/jest-circus/build/legacy-code-todo-rewrite/jestAdapterInit.js:176:21)
    at jestAdapter (/home/maxence-roy/web-ii/Assignments/5-Fetch/node_modules/jest-circus/build/legacy-code-todo-rewrite/jestAdapter.js:109:19)
[2021-5-1 15:0:52] CommentException: Cannot create Comment: Missing content.
    at Function.create (/home/maxence-roy/web-ii/Assignments/5-Fetch/src/models/Comment.js:33:10)
    at runMicrotasks (<anonymous>)
    at processTicksAndRejections (internal/process/task_queues.js:93:5)
    at generateComment (/home/maxence-roy/web-ii/Assignments/5-Fetch/tests/TestHelper.js:132:19)
    at Object.<anonymous> (/home/maxence-roy/web-ii/Assignments/5-Fetch/tests/models/comment.test.js:72:2)
    at _callCircusTest (/home/maxence-roy/web-ii/Assignments/5-Fetch/node_modules/jest-circus/build/run.js:212:5)
    at _runTest (/home/maxence-roy/web-ii/Assignments/5-Fetch/node_modules/jest-circus/build/run.js:149:3)
    at _runTestsForDescribeBlock (/home/maxence-roy/web-ii/Assignments/5-Fetch/node_modules/jest-circus/build/run.js:63:9)
    at run (/home/maxence-roy/web-ii/Assignments/5-Fetch/node_modules/jest-circus/build/run.js:25:3)
    at runAndTransformResultsToJestFormat (/home/maxence-roy/web-ii/Assignments/5-Fetch/node_modules/jest-circus/build/legacy-code-todo-rewrite/jestAdapterInit.js:176:21)
[2021-5-1 15:1:22] CommentException: Cannot update Comment: Missing content.
    at Comment.save (/home/maxence-roy/web-ii/Assignments/5-Fetch/src/models/Comment.js:157:19)
    at Object.<anonymous> (/home/maxence-roy/web-ii/Assignments/5-Fetch/tests/models/comment.test.js:126:23)
    at runMicrotasks (<anonymous>)
    at processTicksAndRejections (internal/process/task_queues.js:93:5)
    at _callCircusTest (/home/maxence-roy/web-ii/Assignments/5-Fetch/node_modules/jest-circus/build/run.js:212:5)
    at _runTest (/home/maxence-roy/web-ii/Assignments/5-Fetch/node_modules/jest-circus/build/run.js:149:3)
    at _runTestsForDescribeBlock (/home/maxence-roy/web-ii/Assignments/5-Fetch/node_modules/jest-circus/build/run.js:63:9)
    at run (/home/maxence-roy/web-ii/Assignments/5-Fetch/node_modules/jest-circus/build/run.js:25:3)
    at runAndTransformResultsToJestFormat (/home/maxence-roy/web-ii/Assignments/5-Fetch/node_modules/jest-circus/build/legacy-code-todo-rewrite/jestAdapterInit.js:176:21)
    at jestAdapter (/home/maxence-roy/web-ii/Assignments/5-Fetch/node_modules/jest-circus/build/legacy-code-todo-rewrite/jestAdapter.js:109:19)
[2021-5-1 15:2:14] AuthException: Cannot log in: Missing email.
    at Function.logIn (/home/maxence-roy/web-ii/Assignments/5-Fetch/src/models/User.js:128:10)
    at Object.<anonymous> (/home/maxence-roy/web-ii/Assignments/5-Fetch/tests/models/auth.test.js:30:20)
    at Promise.then.completed (/home/maxence-roy/web-ii/Assignments/5-Fetch/node_modules/jest-circus/build/utils.js:276:28)
    at new Promise (<anonymous>)
    at callAsyncCircusFn (/home/maxence-roy/web-ii/Assignments/5-Fetch/node_modules/jest-circus/build/utils.js:216:10)
    at _callCircusTest (/home/maxence-roy/web-ii/Assignments/5-Fetch/node_modules/jest-circus/build/run.js:212:40)
    at processTicksAndRejections (internal/process/task_queues.js:93:5)
    at _runTest (/home/maxence-roy/web-ii/Assignments/5-Fetch/node_modules/jest-circus/build/run.js:149:3)
    at _runTestsForDescribeBlock (/home/maxence-roy/web-ii/Assignments/5-Fetch/node_modules/jest-circus/build/run.js:63:9)
    at run (/home/maxence-roy/web-ii/Assignments/5-Fetch/node_modules/jest-circus/build/run.js:25:3)
[2021-5-1 15:2:15] AuthException: Cannot log in: Missing password.
    at Function.logIn (/home/maxence-roy/web-ii/Assignments/5-Fetch/src/models/User.js:130:10)
    at Object.<anonymous> (/home/maxence-roy/web-ii/Assignments/5-Fetch/tests/models/auth.test.js:39:20)
    at Promise.then.completed (/home/maxence-roy/web-ii/Assignments/5-Fetch/node_modules/jest-circus/build/utils.js:276:28)
    at new Promise (<anonymous>)
    at callAsyncCircusFn (/home/maxence-roy/web-ii/Assignments/5-Fetch/node_modules/jest-circus/build/utils.js:216:10)
    at _callCircusTest (/home/maxence-roy/web-ii/Assignments/5-Fetch/node_modules/jest-circus/build/run.js:212:40)
    at processTicksAndRejections (internal/process/task_queues.js:93:5)
    at _runTest (/home/maxence-roy/web-ii/Assignments/5-Fetch/node_modules/jest-circus/build/run.js:149:3)
    at _runTestsForDescribeBlock (/home/maxence-roy/web-ii/Assignments/5-Fetch/node_modules/jest-circus/build/run.js:63:9)
    at run (/home/maxence-roy/web-ii/Assignments/5-Fetch/node_modules/jest-circus/build/run.js:25:3)
[2021-5-1 15:44:57] DatabaseException: Can't add new command when connection is in closed state
    at Post.bookmark (/home/maxence-roy/web-ii/Assignments/5-Fetch/src/models/Post.js:169:10)
    at processTicksAndRejections (internal/process/task_queues.js:93:5)
    at Object.<anonymous> (/home/maxence-roy/web-ii/Assignments/5-Fetch/tests/models/bookmark.test.js:19:9)
    at _callCircusTest (/home/maxence-roy/web-ii/Assignments/5-Fetch/node_modules/jest-circus/build/run.js:212:5)
    at _runTest (/home/maxence-roy/web-ii/Assignments/5-Fetch/node_modules/jest-circus/build/run.js:149:3)
    at _runTestsForDescribeBlock (/home/maxence-roy/web-ii/Assignments/5-Fetch/node_modules/jest-circus/build/run.js:63:9)
    at run (/home/maxence-roy/web-ii/Assignments/5-Fetch/node_modules/jest-circus/build/run.js:25:3)
    at runAndTransformResultsToJestFormat (/home/maxence-roy/web-ii/Assignments/5-Fetch/node_modules/jest-circus/build/legacy-code-todo-rewrite/jestAdapterInit.js:176:21)
    at jestAdapter (/home/maxence-roy/web-ii/Assignments/5-Fetch/node_modules/jest-circus/build/legacy-code-todo-rewrite/jestAdapter.js:109:19)
    at runTestInternal (/home/maxence-roy/web-ii/Assignments/5-Fetch/node_modules/jest-runner/build/runTest.js:380:16)
[2021-5-1 15:52:18] DatabaseException: Can't add new command when connection is in closed state
    at Post.bookmark (/home/maxence-roy/web-ii/Assignments/5-Fetch/src/models/Post.js:169:10)
    at processTicksAndRejections (internal/process/task_queues.js:93:5)
    at Object.<anonymous> (/home/maxence-roy/web-ii/Assignments/5-Fetch/tests/models/bookmark.test.js:19:9)
    at _callCircusTest (/home/maxence-roy/web-ii/Assignments/5-Fetch/node_modules/jest-circus/build/run.js:212:5)
    at _runTest (/home/maxence-roy/web-ii/Assignments/5-Fetch/node_modules/jest-circus/build/run.js:149:3)
    at _runTestsForDescribeBlock (/home/maxence-roy/web-ii/Assignments/5-Fetch/node_modules/jest-circus/build/run.js:63:9)
    at run (/home/maxence-roy/web-ii/Assignments/5-Fetch/node_modules/jest-circus/build/run.js:25:3)
    at runAndTransformResultsToJestFormat (/home/maxence-roy/web-ii/Assignments/5-Fetch/node_modules/jest-circus/build/legacy-code-todo-rewrite/jestAdapterInit.js:176:21)
    at jestAdapter (/home/maxence-roy/web-ii/Assignments/5-Fetch/node_modules/jest-circus/build/legacy-code-todo-rewrite/jestAdapter.js:109:19)
    at runTestInternal (/home/maxence-roy/web-ii/Assignments/5-Fetch/node_modules/jest-runner/build/runTest.js:380:16)
[2021-5-1 16:5:16] DatabaseException: Can't add new command when connection is in closed state
    at Post.bookmark (/home/maxence-roy/web-ii/Assignments/5-Fetch/src/models/Post.js:169:10)
    at processTicksAndRejections (internal/process/task_queues.js:93:5)
    at Object.<anonymous> (/home/maxence-roy/web-ii/Assignments/5-Fetch/tests/models/bookmark.test.js:19:9)
    at _callCircusTest (/home/maxence-roy/web-ii/Assignments/5-Fetch/node_modules/jest-circus/build/run.js:212:5)
    at _runTest (/home/maxence-roy/web-ii/Assignments/5-Fetch/node_modules/jest-circus/build/run.js:149:3)
    at _runTestsForDescribeBlock (/home/maxence-roy/web-ii/Assignments/5-Fetch/node_modules/jest-circus/build/run.js:63:9)
    at run (/home/maxence-roy/web-ii/Assignments/5-Fetch/node_modules/jest-circus/build/run.js:25:3)
    at runAndTransformResultsToJestFormat (/home/maxence-roy/web-ii/Assignments/5-Fetch/node_modules/jest-circus/build/legacy-code-todo-rewrite/jestAdapterInit.js:176:21)
    at jestAdapter (/home/maxence-roy/web-ii/Assignments/5-Fetch/node_modules/jest-circus/build/legacy-code-todo-rewrite/jestAdapter.js:109:19)
    at runTestInternal (/home/maxence-roy/web-ii/Assignments/5-Fetch/node_modules/jest-runner/build/runTest.js:380:16)
[2021-5-1 16:7:32] AuthException: Cannot log in: Missing email.
    at Function.logIn (/home/maxence-roy/web-ii/Assignments/5-Fetch/src/models/User.js:128:10)
    at Object.<anonymous> (/home/maxence-roy/web-ii/Assignments/5-Fetch/tests/models/auth.test.js:30:20)
    at Promise.then.completed (/home/maxence-roy/web-ii/Assignments/5-Fetch/node_modules/jest-circus/build/utils.js:276:28)
    at new Promise (<anonymous>)
    at callAsyncCircusFn (/home/maxence-roy/web-ii/Assignments/5-Fetch/node_modules/jest-circus/build/utils.js:216:10)
    at _callCircusTest (/home/maxence-roy/web-ii/Assignments/5-Fetch/node_modules/jest-circus/build/run.js:212:40)
    at processTicksAndRejections (internal/process/task_queues.js:93:5)
    at _runTest (/home/maxence-roy/web-ii/Assignments/5-Fetch/node_modules/jest-circus/build/run.js:149:3)
    at _runTestsForDescribeBlock (/home/maxence-roy/web-ii/Assignments/5-Fetch/node_modules/jest-circus/build/run.js:63:9)
    at run (/home/maxence-roy/web-ii/Assignments/5-Fetch/node_modules/jest-circus/build/run.js:25:3)
[2021-5-1 16:7:33] AuthException: Cannot log in: Missing password.
    at Function.logIn (/home/maxence-roy/web-ii/Assignments/5-Fetch/src/models/User.js:130:10)
    at Object.<anonymous> (/home/maxence-roy/web-ii/Assignments/5-Fetch/tests/models/auth.test.js:39:20)
    at Promise.then.completed (/home/maxence-roy/web-ii/Assignments/5-Fetch/node_modules/jest-circus/build/utils.js:276:28)
    at new Promise (<anonymous>)
    at callAsyncCircusFn (/home/maxence-roy/web-ii/Assignments/5-Fetch/node_modules/jest-circus/build/utils.js:216:10)
    at _callCircusTest (/home/maxence-roy/web-ii/Assignments/5-Fetch/node_modules/jest-circus/build/run.js:212:40)
    at processTicksAndRejections (internal/process/task_queues.js:93:5)
    at _runTest (/home/maxence-roy/web-ii/Assignments/5-Fetch/node_modules/jest-circus/build/run.js:149:3)
    at _runTestsForDescribeBlock (/home/maxence-roy/web-ii/Assignments/5-Fetch/node_modules/jest-circus/build/run.js:63:9)
    at run (/home/maxence-roy/web-ii/Assignments/5-Fetch/node_modules/jest-circus/build/run.js:25:3)
[2021-5-1 16:10:29] DatabaseException: Can't add new command when connection is in closed state
    at Post.bookmark (/home/maxence-roy/web-ii/Assignments/5-Fetch/src/models/Post.js:169:10)
    at processTicksAndRejections (internal/process/task_queues.js:93:5)
    at Object.<anonymous> (/home/maxence-roy/web-ii/Assignments/5-Fetch/tests/models/bookmark.test.js:19:9)
    at _callCircusTest (/home/maxence-roy/web-ii/Assignments/5-Fetch/node_modules/jest-circus/build/run.js:212:5)
    at _runTest (/home/maxence-roy/web-ii/Assignments/5-Fetch/node_modules/jest-circus/build/run.js:149:3)
    at _runTestsForDescribeBlock (/home/maxence-roy/web-ii/Assignments/5-Fetch/node_modules/jest-circus/build/run.js:63:9)
    at run (/home/maxence-roy/web-ii/Assignments/5-Fetch/node_modules/jest-circus/build/run.js:25:3)
    at runAndTransformResultsToJestFormat (/home/maxence-roy/web-ii/Assignments/5-Fetch/node_modules/jest-circus/build/legacy-code-todo-rewrite/jestAdapterInit.js:176:21)
    at jestAdapter (/home/maxence-roy/web-ii/Assignments/5-Fetch/node_modules/jest-circus/build/legacy-code-todo-rewrite/jestAdapter.js:109:19)
    at runTestInternal (/home/maxence-roy/web-ii/Assignments/5-Fetch/node_modules/jest-runner/build/runTest.js:380:16)
[2021-5-1 16:11:57] AuthException: Cannot log in: Missing email.
    at Function.logIn (/home/maxence-roy/web-ii/Assignments/5-Fetch/src/models/User.js:128:10)
    at Object.<anonymous> (/home/maxence-roy/web-ii/Assignments/5-Fetch/tests/models/auth.test.js:30:20)
    at Promise.then.completed (/home/maxence-roy/web-ii/Assignments/5-Fetch/node_modules/jest-circus/build/utils.js:276:28)
    at new Promise (<anonymous>)
    at callAsyncCircusFn (/home/maxence-roy/web-ii/Assignments/5-Fetch/node_modules/jest-circus/build/utils.js:216:10)
    at _callCircusTest (/home/maxence-roy/web-ii/Assignments/5-Fetch/node_modules/jest-circus/build/run.js:212:40)
    at processTicksAndRejections (internal/process/task_queues.js:93:5)
    at _runTest (/home/maxence-roy/web-ii/Assignments/5-Fetch/node_modules/jest-circus/build/run.js:149:3)
    at _runTestsForDescribeBlock (/home/maxence-roy/web-ii/Assignments/5-Fetch/node_modules/jest-circus/build/run.js:63:9)
    at run (/home/maxence-roy/web-ii/Assignments/5-Fetch/node_modules/jest-circus/build/run.js:25:3)
[2021-5-1 16:11:58] AuthException: Cannot log in: Missing password.
    at Function.logIn (/home/maxence-roy/web-ii/Assignments/5-Fetch/src/models/User.js:130:10)
    at Object.<anonymous> (/home/maxence-roy/web-ii/Assignments/5-Fetch/tests/models/auth.test.js:39:20)
    at Promise.then.completed (/home/maxence-roy/web-ii/Assignments/5-Fetch/node_modules/jest-circus/build/utils.js:276:28)
    at new Promise (<anonymous>)
    at callAsyncCircusFn (/home/maxence-roy/web-ii/Assignments/5-Fetch/node_modules/jest-circus/build/utils.js:216:10)
    at _callCircusTest (/home/maxence-roy/web-ii/Assignments/5-Fetch/node_modules/jest-circus/build/run.js:212:40)
    at processTicksAndRejections (internal/process/task_queues.js:93:5)
    at _runTest (/home/maxence-roy/web-ii/Assignments/5-Fetch/node_modules/jest-circus/build/run.js:149:3)
    at _runTestsForDescribeBlock (/home/maxence-roy/web-ii/Assignments/5-Fetch/node_modules/jest-circus/build/run.js:63:9)
    at run (/home/maxence-roy/web-ii/Assignments/5-Fetch/node_modules/jest-circus/build/run.js:25:3)
[2021-5-1 16:17:40] DatabaseException: Can't add new command when connection is in closed state
    at Post.bookmark (/home/maxence-roy/web-ii/Assignments/5-Fetch/src/models/Post.js:169:10)
    at processTicksAndRejections (internal/process/task_queues.js:93:5)
    at Object.<anonymous> (/home/maxence-roy/web-ii/Assignments/5-Fetch/tests/models/bookmark.test.js:19:9)
    at _callCircusTest (/home/maxence-roy/web-ii/Assignments/5-Fetch/node_modules/jest-circus/build/run.js:212:5)
    at _runTest (/home/maxence-roy/web-ii/Assignments/5-Fetch/node_modules/jest-circus/build/run.js:149:3)
    at _runTestsForDescribeBlock (/home/maxence-roy/web-ii/Assignments/5-Fetch/node_modules/jest-circus/build/run.js:63:9)
    at run (/home/maxence-roy/web-ii/Assignments/5-Fetch/node_modules/jest-circus/build/run.js:25:3)
    at runAndTransformResultsToJestFormat (/home/maxence-roy/web-ii/Assignments/5-Fetch/node_modules/jest-circus/build/legacy-code-todo-rewrite/jestAdapterInit.js:176:21)
    at jestAdapter (/home/maxence-roy/web-ii/Assignments/5-Fetch/node_modules/jest-circus/build/legacy-code-todo-rewrite/jestAdapter.js:109:19)
    at runTestInternal (/home/maxence-roy/web-ii/Assignments/5-Fetch/node_modules/jest-runner/build/runTest.js:380:16)
[2021-5-1 16:40:52] DatabaseException: Can't add new command when connection is in closed state
    at Post.bookmark (/home/maxence-roy/web-ii/Assignments/5-Fetch/src/models/Post.js:169:10)
    at processTicksAndRejections (internal/process/task_queues.js:93:5)
    at Object.<anonymous> (/home/maxence-roy/web-ii/Assignments/5-Fetch/tests/models/bookmark.test.js:19:9)
    at _callCircusTest (/home/maxence-roy/web-ii/Assignments/5-Fetch/node_modules/jest-circus/build/run.js:212:5)
    at _runTest (/home/maxence-roy/web-ii/Assignments/5-Fetch/node_modules/jest-circus/build/run.js:149:3)
    at _runTestsForDescribeBlock (/home/maxence-roy/web-ii/Assignments/5-Fetch/node_modules/jest-circus/build/run.js:63:9)
    at run (/home/maxence-roy/web-ii/Assignments/5-Fetch/node_modules/jest-circus/build/run.js:25:3)
    at runAndTransformResultsToJestFormat (/home/maxence-roy/web-ii/Assignments/5-Fetch/node_modules/jest-circus/build/legacy-code-todo-rewrite/jestAdapterInit.js:176:21)
    at jestAdapter (/home/maxence-roy/web-ii/Assignments/5-Fetch/node_modules/jest-circus/build/legacy-code-todo-rewrite/jestAdapter.js:109:19)
    at runTestInternal (/home/maxence-roy/web-ii/Assignments/5-Fetch/node_modules/jest-runner/build/runTest.js:380:16)
[2021-5-1 17:44:57] DatabaseException: Can't add new command when connection is in closed state
    at Post.bookmark (/home/maxence-roy/web-ii/Assignments/5-Fetch/src/models/Post.js:169:10)
    at processTicksAndRejections (internal/process/task_queues.js:93:5)
    at Object.<anonymous> (/home/maxence-roy/web-ii/Assignments/5-Fetch/tests/models/bookmark.test.js:31:9)
    at _callCircusTest (/home/maxence-roy/web-ii/Assignments/5-Fetch/node_modules/jest-circus/build/run.js:212:5)
    at _runTest (/home/maxence-roy/web-ii/Assignments/5-Fetch/node_modules/jest-circus/build/run.js:149:3)
    at _runTestsForDescribeBlock (/home/maxence-roy/web-ii/Assignments/5-Fetch/node_modules/jest-circus/build/run.js:63:9)
    at run (/home/maxence-roy/web-ii/Assignments/5-Fetch/node_modules/jest-circus/build/run.js:25:3)
    at runAndTransformResultsToJestFormat (/home/maxence-roy/web-ii/Assignments/5-Fetch/node_modules/jest-circus/build/legacy-code-todo-rewrite/jestAdapterInit.js:176:21)
    at jestAdapter (/home/maxence-roy/web-ii/Assignments/5-Fetch/node_modules/jest-circus/build/legacy-code-todo-rewrite/jestAdapter.js:109:19)
    at runTestInternal (/home/maxence-roy/web-ii/Assignments/5-Fetch/node_modules/jest-runner/build/runTest.js:380:16)
[2021-5-1 17:46:40] DatabaseException: Can't add new command when connection is in closed state
    at Post.bookmark (/home/maxence-roy/web-ii/Assignments/5-Fetch/src/models/Post.js:169:10)
    at processTicksAndRejections (internal/process/task_queues.js:93:5)
    at Object.<anonymous> (/home/maxence-roy/web-ii/Assignments/5-Fetch/tests/models/bookmark.test.js:31:9)
    at _callCircusTest (/home/maxence-roy/web-ii/Assignments/5-Fetch/node_modules/jest-circus/build/run.js:212:5)
    at _runTest (/home/maxence-roy/web-ii/Assignments/5-Fetch/node_modules/jest-circus/build/run.js:149:3)
    at _runTestsForDescribeBlock (/home/maxence-roy/web-ii/Assignments/5-Fetch/node_modules/jest-circus/build/run.js:63:9)
    at run (/home/maxence-roy/web-ii/Assignments/5-Fetch/node_modules/jest-circus/build/run.js:25:3)
    at runAndTransformResultsToJestFormat (/home/maxence-roy/web-ii/Assignments/5-Fetch/node_modules/jest-circus/build/legacy-code-todo-rewrite/jestAdapterInit.js:176:21)
    at jestAdapter (/home/maxence-roy/web-ii/Assignments/5-Fetch/node_modules/jest-circus/build/legacy-code-todo-rewrite/jestAdapter.js:109:19)
    at runTestInternal (/home/maxence-roy/web-ii/Assignments/5-Fetch/node_modules/jest-runner/build/runTest.js:380:16)
[2021-5-1 17:48:51] DatabaseException: Can't add new command when connection is in closed state
    at Post.bookmark (/home/maxence-roy/web-ii/Assignments/5-Fetch/src/models/Post.js:169:10)
    at processTicksAndRejections (internal/process/task_queues.js:93:5)
    at Object.<anonymous> (/home/maxence-roy/web-ii/Assignments/5-Fetch/tests/models/bookmark.test.js:31:9)
    at _callCircusTest (/home/maxence-roy/web-ii/Assignments/5-Fetch/node_modules/jest-circus/build/run.js:212:5)
    at _runTest (/home/maxence-roy/web-ii/Assignments/5-Fetch/node_modules/jest-circus/build/run.js:149:3)
    at _runTestsForDescribeBlock (/home/maxence-roy/web-ii/Assignments/5-Fetch/node_modules/jest-circus/build/run.js:63:9)
    at run (/home/maxence-roy/web-ii/Assignments/5-Fetch/node_modules/jest-circus/build/run.js:25:3)
    at runAndTransformResultsToJestFormat (/home/maxence-roy/web-ii/Assignments/5-Fetch/node_modules/jest-circus/build/legacy-code-todo-rewrite/jestAdapterInit.js:176:21)
    at jestAdapter (/home/maxence-roy/web-ii/Assignments/5-Fetch/node_modules/jest-circus/build/legacy-code-todo-rewrite/jestAdapter.js:109:19)
    at runTestInternal (/home/maxence-roy/web-ii/Assignments/5-Fetch/node_modules/jest-runner/build/runTest.js:380:16)
[2021-5-1 17:50:6] DatabaseException: Can't add new command when connection is in closed state
    at Post.bookmark (/home/maxence-roy/web-ii/Assignments/5-Fetch/src/models/Post.js:169:10)
    at processTicksAndRejections (internal/process/task_queues.js:93:5)
    at Object.<anonymous> (/home/maxence-roy/web-ii/Assignments/5-Fetch/tests/models/bookmark.test.js:31:9)
    at _callCircusTest (/home/maxence-roy/web-ii/Assignments/5-Fetch/node_modules/jest-circus/build/run.js:212:5)
    at _runTest (/home/maxence-roy/web-ii/Assignments/5-Fetch/node_modules/jest-circus/build/run.js:149:3)
    at _runTestsForDescribeBlock (/home/maxence-roy/web-ii/Assignments/5-Fetch/node_modules/jest-circus/build/run.js:63:9)
    at run (/home/maxence-roy/web-ii/Assignments/5-Fetch/node_modules/jest-circus/build/run.js:25:3)
    at runAndTransformResultsToJestFormat (/home/maxence-roy/web-ii/Assignments/5-Fetch/node_modules/jest-circus/build/legacy-code-todo-rewrite/jestAdapterInit.js:176:21)
    at jestAdapter (/home/maxence-roy/web-ii/Assignments/5-Fetch/node_modules/jest-circus/build/legacy-code-todo-rewrite/jestAdapter.js:109:19)
    at runTestInternal (/home/maxence-roy/web-ii/Assignments/5-Fetch/node_modules/jest-runner/build/runTest.js:380:16)
[2021-5-1 17:52:52] DatabaseException: Can't add new command when connection is in closed state
    at Post.bookmark (/home/maxence-roy/web-ii/Assignments/5-Fetch/src/models/Post.js:169:10)
    at processTicksAndRejections (internal/process/task_queues.js:93:5)
    at Object.<anonymous> (/home/maxence-roy/web-ii/Assignments/5-Fetch/tests/models/bookmark.test.js:19:9)
    at _callCircusTest (/home/maxence-roy/web-ii/Assignments/5-Fetch/node_modules/jest-circus/build/run.js:212:5)
    at _runTest (/home/maxence-roy/web-ii/Assignments/5-Fetch/node_modules/jest-circus/build/run.js:149:3)
    at _runTestsForDescribeBlock (/home/maxence-roy/web-ii/Assignments/5-Fetch/node_modules/jest-circus/build/run.js:63:9)
    at run (/home/maxence-roy/web-ii/Assignments/5-Fetch/node_modules/jest-circus/build/run.js:25:3)
    at runAndTransformResultsToJestFormat (/home/maxence-roy/web-ii/Assignments/5-Fetch/node_modules/jest-circus/build/legacy-code-todo-rewrite/jestAdapterInit.js:176:21)
    at jestAdapter (/home/maxence-roy/web-ii/Assignments/5-Fetch/node_modules/jest-circus/build/legacy-code-todo-rewrite/jestAdapter.js:109:19)
    at runTestInternal (/home/maxence-roy/web-ii/Assignments/5-Fetch/node_modules/jest-runner/build/runTest.js:380:16)
[2021-5-1 18:8:49] DatabaseException: Can't add new command when connection is in closed state
    at Post.bookmark (/home/maxence-roy/web-ii/Assignments/5-Fetch/src/models/Post.js:169:10)
    at processTicksAndRejections (internal/process/task_queues.js:93:5)
    at Object.<anonymous> (/home/maxence-roy/web-ii/Assignments/5-Fetch/tests/models/bookmark.test.js:19:9)
    at _callCircusTest (/home/maxence-roy/web-ii/Assignments/5-Fetch/node_modules/jest-circus/build/run.js:212:5)
    at _runTest (/home/maxence-roy/web-ii/Assignments/5-Fetch/node_modules/jest-circus/build/run.js:149:3)
    at _runTestsForDescribeBlock (/home/maxence-roy/web-ii/Assignments/5-Fetch/node_modules/jest-circus/build/run.js:63:9)
    at run (/home/maxence-roy/web-ii/Assignments/5-Fetch/node_modules/jest-circus/build/run.js:25:3)
    at runAndTransformResultsToJestFormat (/home/maxence-roy/web-ii/Assignments/5-Fetch/node_modules/jest-circus/build/legacy-code-todo-rewrite/jestAdapterInit.js:176:21)
    at jestAdapter (/home/maxence-roy/web-ii/Assignments/5-Fetch/node_modules/jest-circus/build/legacy-code-todo-rewrite/jestAdapter.js:109:19)
    at runTestInternal (/home/maxence-roy/web-ii/Assignments/5-Fetch/node_modules/jest-runner/build/runTest.js:380:16)
[2021-5-1 19:10:56] DatabaseException: Can't add new command when connection is in closed state
    at Post.bookmark (/home/maxence-roy/web-ii/Assignments/5-Fetch/src/models/Post.js:169:10)
    at processTicksAndRejections (internal/process/task_queues.js:93:5)
    at Object.<anonymous> (/home/maxence-roy/web-ii/Assignments/5-Fetch/tests/models/bookmark.test.js:19:9)
    at _callCircusTest (/home/maxence-roy/web-ii/Assignments/5-Fetch/node_modules/jest-circus/build/run.js:212:5)
    at _runTest (/home/maxence-roy/web-ii/Assignments/5-Fetch/node_modules/jest-circus/build/run.js:149:3)
    at _runTestsForDescribeBlock (/home/maxence-roy/web-ii/Assignments/5-Fetch/node_modules/jest-circus/build/run.js:63:9)
    at run (/home/maxence-roy/web-ii/Assignments/5-Fetch/node_modules/jest-circus/build/run.js:25:3)
    at runAndTransformResultsToJestFormat (/home/maxence-roy/web-ii/Assignments/5-Fetch/node_modules/jest-circus/build/legacy-code-todo-rewrite/jestAdapterInit.js:176:21)
    at jestAdapter (/home/maxence-roy/web-ii/Assignments/5-Fetch/node_modules/jest-circus/build/legacy-code-todo-rewrite/jestAdapter.js:109:19)
    at runTestInternal (/home/maxence-roy/web-ii/Assignments/5-Fetch/node_modules/jest-runner/build/runTest.js:380:16)
